2020-12-07 12:52:49,189 - __main__ - DEBUG - 
2020-12-07 12:52:51,246 - __main__ - DEBUG - starting subscriber with -1 timestamp
                None stream List
                False subscription boolean
2020-12-07 12:52:51,330 - __main__ - DEBUG - starting subscriber with 1607367171267 timestamp
                None stream List
                False subscription boolean
2020-12-07 12:52:54,700 - __main__ - DEBUG - starting subscriber with None timestamp
                None stream List
                None subscription boolean
2020-12-07 12:52:54,706 - __main__ - DEBUG - 
2020-12-07 12:52:54,926 - __main__ - DEBUG - starting subscriber with 1607367174841 timestamp
                ['Hybrid_Mux'] stream List
                None subscription boolean
2020-12-07 12:52:54,927 - __main__ - INFO - 0038
2020-12-07 12:52:54,927 - __main__ - INFO - Subscribing to stream: Hybrid_Mux [0038]
2020-12-07 12:52:54,928 - __main__ - INFO - sending cmd to process: {'action': 'SUBSCRIBE', 'stream_filter': '0038', 'callback': <function sub_print at 0x7f8e2c1adf70>, 'kwargs': {}, 'id': 1}
2020-12-07 12:52:54,929 - __main__ - DEBUG - subbed to Hybrid_Mux
2020-12-07 12:53:04,623 - __main__ - DEBUG - 
2020-12-07 12:53:14,636 - __main__ - DEBUG - 
2020-12-07 12:53:24,701 - __main__ - DEBUG - 
2020-12-07 12:55:27,976 - __main__ - DEBUG - starting subscriber with -1 timestamp
                None stream List
                False subscription boolean
2020-12-07 12:55:28,080 - __main__ - DEBUG - starting subscriber with 1607367328027 timestamp
                None stream List
                False subscription boolean
2020-12-07 12:55:28,852 - __main__ - DEBUG - starting subscriber with -1 timestamp
                None stream List
                False subscription boolean
2020-12-07 12:55:28,934 - __main__ - DEBUG - starting subscriber with 1607367328874 timestamp
                None stream List
                False subscription boolean
2020-12-07 12:55:35,577 - __main__ - DEBUG - starting subscriber with None timestamp
                None stream List
                None subscription boolean
2020-12-07 12:55:35,715 - __main__ - DEBUG - starting subscriber with 1607367335657 timestamp
                ['Hybrid_Mux'] stream List
                None subscription boolean
2020-12-07 12:55:35,715 - __main__ - INFO - 0038
2020-12-07 12:55:35,715 - __main__ - INFO - Subscribing to stream: Hybrid_Mux [0038]
2020-12-07 12:55:35,715 - __main__ - INFO - sending cmd to process: {'action': 'SUBSCRIBE', 'stream_filter': '0038', 'callback': <function sub_print at 0x7fdf9a1b2f70>, 'kwargs': {}, 'id': 1}
2020-12-07 12:55:35,716 - __main__ - DEBUG - subbed to Hybrid_Mux
2020-12-07 12:56:21,440 - __main__ - DEBUG - starting subscriber with -1 timestamp
                None stream List
                False subscription boolean
2020-12-07 12:56:21,582 - __main__ - DEBUG - starting subscriber with 1607367381544 timestamp
                None stream List
                False subscription boolean
2020-12-07 12:56:25,583 - __main__ - DEBUG - starting subscriber with None timestamp
                None stream List
                None subscription boolean
2020-12-07 12:56:25,660 - __main__ - DEBUG - starting subscriber with 1607367385593 timestamp
                ['Hybrid_Mux'] stream List
                None subscription boolean
2020-12-07 12:56:25,661 - __main__ - INFO - 0038
2020-12-07 12:56:25,661 - __main__ - INFO - Subscribing to stream: Hybrid_Mux [0038]
2020-12-07 12:56:25,661 - __main__ - INFO - sending cmd to process: {'action': 'SUBSCRIBE', 'stream_filter': '0038', 'callback': <function sub_print at 0x7f8f6d9b2f70>, 'kwargs': {}, 'id': 1}
2020-12-07 12:56:25,662 - __main__ - DEBUG - subbed to Hybrid_Mux
2020-12-07 12:57:12,658 - __main__ - DEBUG - starting subscriber with -1 timestamp
                None stream List
                False subscription boolean
2020-12-07 12:57:12,760 - __main__ - DEBUG - starting subscriber with 1607367432691 timestamp
                None stream List
                False subscription boolean
2020-12-07 12:57:15,429 - __main__ - DEBUG - starting subscriber with 1607367435359 timestamp
                ['Hybrid_Mux'] stream List
                None subscription boolean
2020-12-07 12:57:15,430 - __main__ - INFO - 0038
2020-12-07 12:57:15,432 - __main__ - INFO - Subscribing to stream: Hybrid_Mux [0038]
2020-12-07 12:57:15,433 - __main__ - INFO - sending cmd to process: {'action': 'SUBSCRIBE', 'stream_filter': '0038', 'callback': <function sub_print at 0x7ff4ee1b7f70>, 'kwargs': {}, 'id': 1}
2020-12-07 12:57:15,433 - __main__ - DEBUG - subbed to Hybrid_Mux
2020-12-07 12:57:15,442 - __main__ - DEBUG - Hybrid_Mux
2020-12-07 12:57:15,442 - __main__ - INFO - 0038
2020-12-07 12:57:15,442 - __main__ - DEBUG - The dict with all of the streamID is {'Hybrid_Mux': '0038'}
2020-12-07 12:57:25,306 - __main__ - DEBUG - 
2020-12-07 12:57:35,333 - __main__ - DEBUG - 
2020-12-07 12:57:45,315 - __main__ - DEBUG - 
2020-12-07 12:59:04,810 - __main__ - DEBUG - starting subscriber with None timestamp
                None stream List
                None subscription boolean
2020-12-07 12:59:06,313 - __main__ - DEBUG - starting subscriber with -1 timestamp
                None stream List
                False subscription boolean
2020-12-07 12:59:06,410 - __main__ - DEBUG - starting subscriber with 1607367546346 timestamp
                None stream List
                False subscription boolean
2020-12-07 12:59:09,246 - __main__ - DEBUG - starting subscriber with 1607367549201 timestamp
                ['Hybrid_Mux'] stream List
                None subscription boolean
2020-12-07 12:59:09,246 - __main__ - INFO - 0038
2020-12-07 12:59:09,246 - __main__ - INFO - Subscribing to stream: Hybrid_Mux [0038]
2020-12-07 12:59:09,247 - __main__ - INFO - sending cmd to process: {'action': 'SUBSCRIBE', 'stream_filter': '0038', 'callback': <function sub_print at 0x7f8fc82c3040>, 'kwargs': {}, 'id': 1}
2020-12-07 12:59:09,247 - __main__ - DEBUG - subbed to Hybrid_Mux
2020-12-07 12:59:09,254 - __main__ - DEBUG - Hybrid_Mux
2020-12-07 12:59:09,254 - __main__ - INFO - 0038
2020-12-07 12:59:09,254 - __main__ - DEBUG - The dict with all of the streamID is {'Hybrid_Mux': '0038'}
2020-12-07 12:59:19,107 - __main__ - DEBUG - 
2020-12-07 13:01:16,505 - __main__ - DEBUG - starting subscriber with -1 timestamp
                None stream List
                False subscription boolean
2020-12-07 13:01:16,767 - __main__ - DEBUG - starting subscriber with 1607367676672 timestamp
                None stream List
                False subscription boolean
2020-12-07 13:01:17,190 - __main__ - DEBUG - starting subscriber with -1 timestamp
                None stream List
                False subscription boolean
2020-12-07 13:01:17,282 - __main__ - DEBUG - starting subscriber with 1607367677219 timestamp
                None stream List
                False subscription boolean
2020-12-07 13:01:19,909 - __main__ - DEBUG - starting subscriber with None timestamp
                None stream List
                None subscription boolean
2020-12-07 13:01:20,159 - __main__ - DEBUG - starting subscriber with 1607367680085 timestamp
                ['Hybrid_Mux'] stream List
                None subscription boolean
2020-12-07 13:01:20,159 - __main__ - INFO - 0038
2020-12-07 13:01:20,160 - __main__ - INFO - Subscribing to stream: Hybrid_Mux [0038]
2020-12-07 13:01:20,160 - __main__ - INFO - sending cmd to process: {'action': 'SUBSCRIBE', 'stream_filter': '0038', 'callback': <function sub_print at 0x7f8d5a9b5040>, 'kwargs': {}, 'id': 1}
2020-12-07 13:01:20,160 - __main__ - DEBUG - subbed to Hybrid_Mux
2020-12-07 13:01:29,817 - __main__ - DEBUG - Hybrid_Mux
2020-12-07 13:01:29,818 - __main__ - INFO - 0038
2020-12-07 13:01:29,818 - __main__ - DEBUG - The dict with all of the streamID is {'Hybrid_Mux': '0038'}
2020-12-07 13:01:39,888 - __main__ - DEBUG - 
2020-12-07 13:01:49,819 - __main__ - DEBUG - 
2020-12-07 13:16:32,345 - __main__ - DEBUG - starting subscriber with None timestamp
                None stream List
                None subscription boolean
2020-12-07 13:17:48,129 - __main__ - DEBUG - starting subscriber with None timestamp
                None stream List
                None subscription boolean
2020-12-07 13:17:49,123 - __main__ - DEBUG - starting subscriber with -1 timestamp
                None stream List
                False subscription boolean
2020-12-07 13:17:49,210 - __main__ - DEBUG - starting subscriber with 1607368669156 timestamp
                None stream List
                False subscription boolean
2020-12-07 13:17:51,728 - __main__ - DEBUG - starting subscriber with None timestamp
                None stream List
                None subscription boolean
2020-12-07 13:17:51,800 - __main__ - DEBUG - starting subscriber with 1607368671745 timestamp
                ['Hybrid_Mux'] stream List
                None subscription boolean
2020-12-07 13:17:51,801 - __main__ - INFO - 0038
2020-12-07 13:17:51,801 - __main__ - INFO - Subscribing to stream: Hybrid_Mux [0038]
2020-12-07 13:17:51,801 - __main__ - INFO - sending cmd to process: {'action': 'SUBSCRIBE', 'stream_filter': '0038', 'callback': <function subCallback at 0x7fa0ee2695e0>, 'kwargs': {}, 'id': 1}
2020-12-07 13:17:51,802 - __main__ - DEBUG - subbed to Hybrid_Mux
2020-12-07 13:18:01,681 - __main__ - DEBUG - Hybrid_Mux
2020-12-07 13:18:01,682 - __main__ - INFO - 0038
2020-12-07 13:18:01,682 - __main__ - DEBUG - The dict with all of the streamID is {'Hybrid_Mux': '0038'}
2020-12-07 13:18:11,685 - __main__ - DEBUG - 
2020-12-07 13:18:21,664 - __main__ - DEBUG - 
2020-12-07 13:18:31,686 - __main__ - DEBUG - 
2020-12-07 13:18:41,697 - __main__ - DEBUG - 
2020-12-07 13:18:51,670 - __main__ - DEBUG - 
2020-12-07 13:19:02,533 - __main__ - DEBUG - 
2020-12-07 13:19:03,243 - __main__ - DEBUG - starting subscriber with None timestamp
                None stream List
                None subscription boolean
2020-12-07 13:19:29,421 - __main__ - DEBUG - starting subscriber with -1 timestamp
                None stream List
                False subscription boolean
2020-12-07 13:19:29,525 - __main__ - DEBUG - starting subscriber with 1607368769460 timestamp
                None stream List
                False subscription boolean
2020-12-07 13:21:09,901 - __main__ - DEBUG - starting subscriber with -1 timestamp
                None stream List
                False subscription boolean
2020-12-07 13:21:09,962 - __main__ - DEBUG - starting subscriber with 1607368869930 timestamp
                None stream List
                False subscription boolean
2020-12-07 13:21:19,881 - __main__ - DEBUG - starting subscriber with 1607368879847 timestamp
                ['Hybrid_Mux'] stream List
                False subscription boolean
2020-12-07 13:21:19,882 - __main__ - INFO - 0038
2020-12-07 13:21:19,882 - __main__ - INFO - Subscribing to stream: Hybrid_Mux [0038]
2020-12-07 13:21:19,882 - __main__ - INFO - sending cmd to process: {'action': 'SUBSCRIBE', 'stream_filter': '0038', 'callback': <function subCallback at 0x7f9f602695e0>, 'kwargs': {}, 'id': 1}
2020-12-07 13:21:19,883 - __main__ - DEBUG - subbed to Hybrid_Mux
2020-12-07 13:21:20,044 - __main__ - DEBUG - starting subscriber with None timestamp
                None stream List
                True subscription boolean
2020-12-07 13:22:35,018 - __main__ - DEBUG - starting subscriber with -1 timestamp
                None stream List
                False subscription boolean
2020-12-07 13:22:35,097 - __main__ - DEBUG - starting subscriber with 1607368955061 timestamp
                None stream List
                False subscription boolean
2020-12-07 13:22:42,043 - __main__ - DEBUG - Hybrid_Mux
2020-12-07 13:22:42,043 - __main__ - INFO - 0038
2020-12-07 13:22:42,043 - __main__ - DEBUG - The dict with all of the streamID is {'Hybrid_Mux': '0038'}
2020-12-07 13:22:42,046 - __main__ - DEBUG - starting subscriber with 1607368961925 timestamp
                ['Hybrid_Mux'] stream List
                None subscription boolean
2020-12-07 13:22:42,046 - __main__ - INFO - 0038
2020-12-07 13:22:42,047 - __main__ - INFO - Subscribing to stream: Hybrid_Mux [0038]
2020-12-07 13:22:42,047 - __main__ - INFO - sending cmd to process: {'action': 'SUBSCRIBE', 'stream_filter': '0038', 'callback': <function subCallback at 0x7f9f602695e0>, 'kwargs': {}, 'id': 3}
2020-12-07 13:22:42,047 - __main__ - DEBUG - subbed to Hybrid_Mux
2020-12-07 13:22:51,817 - __main__ - DEBUG - 
2020-12-07 13:23:01,816 - __main__ - DEBUG - 
2020-12-07 13:23:11,868 - __main__ - DEBUG - 
2020-12-07 13:23:23,440 - __main__ - DEBUG - 
2020-12-07 13:23:31,983 - __main__ - DEBUG - 
2020-12-07 13:23:42,040 - __main__ - DEBUG - 
2020-12-07 13:23:52,000 - __main__ - DEBUG - 
2020-12-07 13:24:01,999 - __main__ - DEBUG - 
2020-12-07 13:24:12,012 - __main__ - DEBUG - 
2020-12-07 13:24:22,010 - __main__ - DEBUG - 
2020-12-07 13:24:32,006 - __main__ - DEBUG - 
2020-12-07 13:24:41,986 - __main__ - DEBUG - 
2020-12-07 13:24:52,021 - __main__ - DEBUG - 
2020-12-07 13:42:53,655 - __main__ - DEBUG - ['data0038.csv']
2020-12-07 13:42:53,923 - __main__ - DEBUG - starting subscriber with -1 timestamp
                None stream List
                False subscription boolean
2020-12-07 13:42:54,064 - __main__ - DEBUG - starting subscriber with 1607370174024 timestamp
                None stream List
                False subscription boolean
2020-12-07 13:42:56,816 - __main__ - DEBUG - starting subscriber with None timestamp
                None stream List
                None subscription boolean
2020-12-07 13:42:57,168 - __main__ - DEBUG - starting subscriber with 1607370177066 timestamp
                ['Hybrid_Mux'] stream List
                None subscription boolean
2020-12-07 13:42:57,169 - __main__ - INFO - 0038
2020-12-07 13:42:57,170 - __main__ - INFO - Subscribing to stream: Hybrid_Mux [0038]
2020-12-07 13:42:57,170 - __main__ - INFO - sending cmd to process: {'action': 'SUBSCRIBE', 'stream_filter': '0038', 'callback': <function subCallback at 0x7f82a7de1a60>, 'kwargs': {}, 'id': 1}
2020-12-07 13:42:57,171 - __main__ - DEBUG - subbed to Hybrid_Mux
2020-12-07 13:42:57,335 - __mp_main__ - DEBUG - added to the file
2020-12-07 13:42:57,518 - __mp_main__ - DEBUG - added to the file
2020-12-07 13:42:57,720 - __mp_main__ - DEBUG - added to the file
2020-12-07 13:42:57,920 - __mp_main__ - DEBUG - added to the file
2020-12-07 13:42:58,131 - __mp_main__ - DEBUG - added to the file
2020-12-07 13:42:58,318 - __mp_main__ - DEBUG - added to the file
2020-12-07 13:42:58,518 - __mp_main__ - DEBUG - added to the file
2020-12-07 13:42:58,720 - __mp_main__ - DEBUG - added to the file
2020-12-07 13:42:58,918 - __mp_main__ - DEBUG - added to the file
2020-12-07 13:42:59,122 - __mp_main__ - DEBUG - added to the file
2020-12-07 13:42:59,327 - __mp_main__ - DEBUG - added to the file
2020-12-07 13:42:59,552 - __mp_main__ - DEBUG - added to the file
2020-12-07 13:42:59,719 - __mp_main__ - DEBUG - added to the file
2020-12-07 13:42:59,920 - __mp_main__ - DEBUG - added to the file
2020-12-07 13:43:00,119 - __mp_main__ - DEBUG - added to the file
2020-12-07 13:43:00,318 - __mp_main__ - DEBUG - added to the file
2020-12-07 13:43:00,518 - __mp_main__ - DEBUG - added to the file
2020-12-07 13:43:00,729 - __mp_main__ - DEBUG - added to the file
2020-12-07 13:43:00,916 - __mp_main__ - DEBUG - added to the file
2020-12-07 13:43:01,117 - __mp_main__ - DEBUG - added to the file
2020-12-07 13:43:01,318 - __mp_main__ - DEBUG - added to the file
2020-12-07 13:43:01,518 - __mp_main__ - DEBUG - added to the file
2020-12-07 13:43:01,718 - __mp_main__ - DEBUG - added to the file
2020-12-07 13:43:01,931 - __mp_main__ - DEBUG - added to the file
2020-12-07 13:43:02,118 - __mp_main__ - DEBUG - added to the file
2020-12-07 13:43:02,319 - __mp_main__ - DEBUG - added to the file
2020-12-07 13:43:02,519 - __mp_main__ - DEBUG - added to the file
2020-12-07 13:43:02,721 - __mp_main__ - DEBUG - added to the file
2020-12-07 13:43:02,924 - __mp_main__ - DEBUG - added to the file
2020-12-07 13:43:03,129 - __mp_main__ - DEBUG - added to the file
2020-12-07 13:43:03,340 - __mp_main__ - DEBUG - added to the file
2020-12-07 13:43:03,518 - __mp_main__ - DEBUG - added to the file
2020-12-07 13:43:03,720 - __mp_main__ - DEBUG - added to the file
2020-12-07 13:43:03,920 - __mp_main__ - DEBUG - added to the file
2020-12-07 13:43:04,117 - __mp_main__ - DEBUG - added to the file
2020-12-07 13:43:04,319 - __mp_main__ - DEBUG - added to the file
2020-12-07 13:43:04,530 - __mp_main__ - DEBUG - added to the file
2020-12-07 13:43:04,720 - __mp_main__ - DEBUG - added to the file
2020-12-07 13:43:04,919 - __mp_main__ - DEBUG - added to the file
2020-12-07 13:43:05,120 - __mp_main__ - DEBUG - added to the file
2020-12-07 13:43:05,322 - __mp_main__ - DEBUG - added to the file
2020-12-07 13:43:05,517 - __mp_main__ - DEBUG - added to the file
2020-12-07 13:43:05,727 - __mp_main__ - DEBUG - added to the file
2020-12-07 13:43:05,918 - __mp_main__ - DEBUG - added to the file
2020-12-07 13:43:06,118 - __mp_main__ - DEBUG - added to the file
2020-12-07 13:43:06,321 - __mp_main__ - DEBUG - added to the file
2020-12-07 13:43:06,520 - __mp_main__ - DEBUG - added to the file
2020-12-07 13:43:06,718 - __mp_main__ - DEBUG - added to the file
2020-12-07 13:43:06,838 - __main__ - DEBUG - Hybrid_Mux
2020-12-07 13:43:06,838 - __main__ - INFO - 0038
2020-12-07 13:43:06,839 - __main__ - DEBUG - The dict with all of the streamID is {'Hybrid_Mux': '0038'}
2020-12-07 13:43:06,931 - __mp_main__ - DEBUG - added to the file
2020-12-07 13:43:07,139 - __mp_main__ - DEBUG - added to the file
2020-12-07 13:43:07,317 - __mp_main__ - DEBUG - added to the file
2020-12-07 13:43:07,517 - __mp_main__ - DEBUG - added to the file
2020-12-07 13:43:07,718 - __mp_main__ - DEBUG - added to the file
2020-12-07 13:43:07,918 - __mp_main__ - DEBUG - added to the file
2020-12-07 13:43:08,118 - __mp_main__ - DEBUG - added to the file
2020-12-07 13:43:08,321 - __mp_main__ - DEBUG - added to the file
2020-12-07 13:43:08,518 - __mp_main__ - DEBUG - added to the file
2020-12-07 13:43:08,718 - __mp_main__ - DEBUG - added to the file
2020-12-07 13:43:08,928 - __mp_main__ - DEBUG - added to the file
2020-12-07 13:43:09,118 - __mp_main__ - DEBUG - added to the file
2020-12-07 13:43:09,320 - __mp_main__ - DEBUG - added to the file
2020-12-07 13:43:09,530 - __mp_main__ - DEBUG - added to the file
2020-12-07 13:43:09,719 - __mp_main__ - DEBUG - added to the file
2020-12-07 13:43:09,920 - __mp_main__ - DEBUG - added to the file
2020-12-07 13:43:10,118 - __mp_main__ - DEBUG - added to the file
2020-12-07 13:43:10,322 - __mp_main__ - DEBUG - added to the file
2020-12-07 13:43:10,517 - __mp_main__ - DEBUG - added to the file
2020-12-07 13:43:10,731 - __mp_main__ - DEBUG - added to the file
2020-12-07 13:43:10,945 - __mp_main__ - DEBUG - added to the file
2020-12-07 13:43:11,129 - __mp_main__ - DEBUG - added to the file
2020-12-07 13:43:11,318 - __mp_main__ - DEBUG - added to the file
2020-12-07 13:43:11,518 - __mp_main__ - DEBUG - added to the file
2020-12-07 13:43:11,720 - __mp_main__ - DEBUG - added to the file
2020-12-07 13:43:11,917 - __mp_main__ - DEBUG - added to the file
2020-12-07 13:43:12,129 - __mp_main__ - DEBUG - added to the file
2020-12-07 13:43:12,330 - __mp_main__ - DEBUG - added to the file
2020-12-07 13:43:12,516 - __mp_main__ - DEBUG - added to the file
2020-12-07 13:43:12,722 - __mp_main__ - DEBUG - added to the file
2020-12-07 13:43:12,919 - __mp_main__ - DEBUG - added to the file
2020-12-07 13:43:13,119 - __mp_main__ - DEBUG - added to the file
2020-12-07 13:43:13,329 - __mp_main__ - DEBUG - added to the file
2020-12-07 13:43:13,521 - __mp_main__ - DEBUG - added to the file
2020-12-07 13:43:13,716 - __mp_main__ - DEBUG - added to the file
2020-12-07 13:43:13,922 - __mp_main__ - DEBUG - added to the file
2020-12-07 13:43:14,117 - __mp_main__ - DEBUG - added to the file
2020-12-07 13:43:14,319 - __mp_main__ - DEBUG - added to the file
2020-12-07 13:43:14,530 - __mp_main__ - DEBUG - added to the file
2020-12-07 13:43:14,739 - __mp_main__ - DEBUG - added to the file
2020-12-07 13:43:14,917 - __mp_main__ - DEBUG - added to the file
2020-12-07 13:43:15,117 - __mp_main__ - DEBUG - added to the file
2020-12-07 13:43:15,362 - __mp_main__ - DEBUG - added to the file
2020-12-07 13:43:15,456 - __main__ - DEBUG - ['data0038.csv']
2020-12-07 13:43:15,516 - __mp_main__ - DEBUG - added to the file
2020-12-07 13:43:15,882 - __main__ - DEBUG - starting subscriber with -1 timestamp
                None stream List
                False subscription boolean
2020-12-07 13:43:15,999 - __main__ - DEBUG - starting subscriber with 1607370195913 timestamp
                None stream List
                False subscription boolean
2020-12-07 13:43:41,956 - __main__ - DEBUG - starting subscriber with -1 timestamp
                None stream List
                False subscription boolean
2020-12-07 13:43:42,071 - __main__ - DEBUG - starting subscriber with 1607370222031 timestamp
                None stream List
                False subscription boolean
2020-12-07 13:43:46,508 - __main__ - DEBUG - starting subscriber with 1607370226442 timestamp
                ['Hybrid_Mux'] stream List
                None subscription boolean
2020-12-07 13:43:46,509 - __main__ - INFO - 0038
2020-12-07 13:43:46,509 - __main__ - INFO - Subscribing to stream: Hybrid_Mux [0038]
2020-12-07 13:43:46,510 - __main__ - INFO - sending cmd to process: {'action': 'SUBSCRIBE', 'stream_filter': '0038', 'callback': <function subCallback at 0x7fe6a0de29d0>, 'kwargs': {}, 'id': 1}
2020-12-07 13:43:46,510 - __main__ - DEBUG - subbed to Hybrid_Mux
2020-12-07 13:43:46,513 - __main__ - DEBUG - Hybrid_Mux
2020-12-07 13:43:46,513 - __main__ - INFO - 0038
2020-12-07 13:43:46,513 - __main__ - DEBUG - The dict with all of the streamID is {'Hybrid_Mux': '0038'}
2020-12-07 13:43:47,118 - __mp_main__ - DEBUG - added to the file
2020-12-07 13:43:47,330 - __mp_main__ - DEBUG - added to the file
2020-12-07 13:43:47,530 - __mp_main__ - DEBUG - added to the file
2020-12-07 13:43:47,715 - __mp_main__ - DEBUG - added to the file
2020-12-07 13:43:47,915 - __mp_main__ - DEBUG - added to the file
2020-12-07 13:43:48,115 - __mp_main__ - DEBUG - added to the file
2020-12-07 13:43:48,315 - __mp_main__ - DEBUG - added to the file
2020-12-07 13:43:48,527 - __mp_main__ - DEBUG - added to the file
2020-12-07 13:43:48,729 - __mp_main__ - DEBUG - added to the file
2020-12-07 13:43:48,950 - __mp_main__ - DEBUG - added to the file
2020-12-07 13:43:49,116 - __mp_main__ - DEBUG - added to the file
2020-12-07 13:43:49,319 - __mp_main__ - DEBUG - added to the file
2020-12-07 13:43:49,515 - __mp_main__ - DEBUG - added to the file
2020-12-07 13:43:49,716 - __mp_main__ - DEBUG - added to the file
2020-12-07 13:43:49,917 - __mp_main__ - DEBUG - added to the file
2020-12-07 13:43:50,131 - __mp_main__ - DEBUG - added to the file
2020-12-07 13:43:50,315 - __mp_main__ - DEBUG - added to the file
2020-12-07 13:43:50,516 - __mp_main__ - DEBUG - added to the file
2020-12-07 13:43:50,715 - __mp_main__ - DEBUG - added to the file
2020-12-07 13:43:50,915 - __mp_main__ - DEBUG - added to the file
2020-12-07 13:43:51,116 - __mp_main__ - DEBUG - added to the file
2020-12-07 13:43:51,337 - __mp_main__ - DEBUG - added to the file
2020-12-07 13:43:51,516 - __mp_main__ - DEBUG - added to the file
2020-12-07 13:43:51,717 - __mp_main__ - DEBUG - added to the file
2020-12-07 13:43:51,918 - __mp_main__ - DEBUG - added to the file
2020-12-07 13:43:52,119 - __mp_main__ - DEBUG - added to the file
2020-12-07 13:43:52,315 - __mp_main__ - DEBUG - added to the file
2020-12-07 13:43:52,527 - __mp_main__ - DEBUG - added to the file
2020-12-07 13:43:52,746 - __mp_main__ - DEBUG - added to the file
2020-12-07 13:43:52,916 - __mp_main__ - DEBUG - added to the file
2020-12-07 13:43:53,116 - __mp_main__ - DEBUG - added to the file
2020-12-07 13:43:53,320 - __mp_main__ - DEBUG - added to the file
2020-12-07 13:43:53,521 - __mp_main__ - DEBUG - added to the file
2020-12-07 13:43:53,716 - __mp_main__ - DEBUG - added to the file
2020-12-07 13:43:53,924 - __mp_main__ - DEBUG - added to the file
2020-12-07 13:43:54,115 - __mp_main__ - DEBUG - added to the file
2020-12-07 13:43:54,316 - __mp_main__ - DEBUG - added to the file
2020-12-07 13:43:54,515 - __mp_main__ - DEBUG - added to the file
2020-12-07 13:43:54,726 - __mp_main__ - DEBUG - added to the file
2020-12-07 13:43:54,917 - __mp_main__ - DEBUG - added to the file
2020-12-07 13:43:55,131 - __mp_main__ - DEBUG - added to the file
2020-12-07 13:43:55,314 - __mp_main__ - DEBUG - added to the file
2020-12-07 13:43:55,516 - __mp_main__ - DEBUG - added to the file
2020-12-07 13:43:55,716 - __mp_main__ - DEBUG - added to the file
2020-12-07 13:43:55,917 - __mp_main__ - DEBUG - added to the file
2020-12-07 13:43:56,115 - __mp_main__ - DEBUG - added to the file
2020-12-07 13:43:56,318 - __main__ - DEBUG - 
2020-12-07 13:43:56,340 - __mp_main__ - DEBUG - added to the file
2020-12-07 13:43:56,546 - __mp_main__ - DEBUG - Made the file
2020-12-07 13:43:56,716 - __mp_main__ - DEBUG - added to the file
2020-12-07 13:43:56,917 - __mp_main__ - DEBUG - added to the file
2020-12-07 13:43:57,242 - __mp_main__ - DEBUG - added to the file
2020-12-07 13:43:57,327 - __mp_main__ - DEBUG - added to the file
2020-12-07 13:43:57,517 - __mp_main__ - DEBUG - added to the file
2020-12-07 13:43:57,884 - __mp_main__ - DEBUG - added to the file
2020-12-07 13:43:58,216 - __mp_main__ - DEBUG - added to the file
2020-12-07 13:43:58,219 - __mp_main__ - DEBUG - added to the file
2020-12-07 13:43:58,373 - __mp_main__ - DEBUG - added to the file
2020-12-07 13:43:58,552 - __mp_main__ - DEBUG - added to the file
2020-12-07 13:43:58,804 - __mp_main__ - DEBUG - added to the file
2020-12-07 13:43:58,936 - __mp_main__ - DEBUG - added to the file
2020-12-07 13:43:59,115 - __mp_main__ - DEBUG - added to the file
2020-12-07 13:43:59,423 - __mp_main__ - DEBUG - added to the file
2020-12-07 13:43:59,560 - __mp_main__ - DEBUG - added to the file
2020-12-07 13:43:59,747 - __mp_main__ - DEBUG - added to the file
2020-12-07 13:43:59,918 - __mp_main__ - DEBUG - added to the file
2020-12-07 13:44:00,188 - __mp_main__ - DEBUG - added to the file
2020-12-07 13:44:00,383 - __mp_main__ - DEBUG - added to the file
2020-12-07 13:44:00,561 - __mp_main__ - DEBUG - added to the file
2020-12-07 13:44:00,717 - __mp_main__ - DEBUG - added to the file
2020-12-07 13:44:00,917 - __mp_main__ - DEBUG - added to the file
2020-12-07 13:44:01,115 - __mp_main__ - DEBUG - added to the file
2020-12-07 13:44:01,316 - __mp_main__ - DEBUG - added to the file
2020-12-07 13:44:01,528 - __mp_main__ - DEBUG - added to the file
2020-12-07 13:44:01,717 - __mp_main__ - DEBUG - added to the file
2020-12-07 13:44:01,917 - __mp_main__ - DEBUG - added to the file
2020-12-07 13:44:02,118 - __mp_main__ - DEBUG - added to the file
2020-12-07 13:44:02,319 - __mp_main__ - DEBUG - added to the file
2020-12-07 13:44:02,516 - __mp_main__ - DEBUG - added to the file
2020-12-07 13:44:02,738 - __mp_main__ - DEBUG - added to the file
2020-12-07 13:44:02,919 - __mp_main__ - DEBUG - added to the file
2020-12-07 13:44:03,117 - __mp_main__ - DEBUG - added to the file
2020-12-07 13:44:03,318 - __mp_main__ - DEBUG - added to the file
2020-12-07 13:44:03,515 - __mp_main__ - DEBUG - added to the file
2020-12-07 13:44:03,717 - __mp_main__ - DEBUG - added to the file
2020-12-07 13:44:03,927 - __mp_main__ - DEBUG - added to the file
2020-12-07 13:44:04,148 - __mp_main__ - DEBUG - added to the file
2020-12-07 13:44:04,318 - __mp_main__ - DEBUG - added to the file
2020-12-07 13:44:04,516 - __mp_main__ - DEBUG - added to the file
2020-12-07 13:44:04,717 - __mp_main__ - DEBUG - added to the file
2020-12-07 13:44:04,916 - __mp_main__ - DEBUG - added to the file
2020-12-07 13:44:05,117 - __mp_main__ - DEBUG - added to the file
2020-12-07 13:44:05,326 - __mp_main__ - DEBUG - added to the file
2020-12-07 13:44:05,516 - __mp_main__ - DEBUG - added to the file
2020-12-07 13:44:05,717 - __mp_main__ - DEBUG - added to the file
2020-12-07 13:44:05,919 - __mp_main__ - DEBUG - added to the file
2020-12-07 13:44:06,118 - __mp_main__ - DEBUG - added to the file
2020-12-07 13:44:06,317 - __mp_main__ - DEBUG - added to the file
2020-12-07 13:44:06,325 - __main__ - DEBUG - 
2020-12-07 13:44:06,523 - __mp_main__ - DEBUG - Made the file
2020-12-07 13:44:06,717 - __mp_main__ - DEBUG - added to the file
2020-12-07 13:44:06,917 - __mp_main__ - DEBUG - added to the file
2020-12-07 13:44:07,117 - __mp_main__ - DEBUG - added to the file
2020-12-07 13:44:07,317 - __mp_main__ - DEBUG - added to the file
2020-12-07 13:44:07,515 - __mp_main__ - DEBUG - added to the file
2020-12-07 13:44:07,722 - __mp_main__ - DEBUG - added to the file
2020-12-07 13:44:07,940 - __mp_main__ - DEBUG - added to the file
2020-12-07 13:44:08,116 - __mp_main__ - DEBUG - added to the file
2020-12-07 13:44:08,319 - __mp_main__ - DEBUG - added to the file
2020-12-07 13:44:08,518 - __mp_main__ - DEBUG - added to the file
2020-12-07 13:44:08,719 - __mp_main__ - DEBUG - added to the file
2020-12-07 13:44:08,918 - __mp_main__ - DEBUG - added to the file
2020-12-07 13:44:09,122 - __mp_main__ - DEBUG - added to the file
2020-12-07 13:44:09,318 - __mp_main__ - DEBUG - added to the file
2020-12-07 13:44:09,518 - __mp_main__ - DEBUG - added to the file
2020-12-07 13:44:09,717 - __mp_main__ - DEBUG - added to the file
2020-12-07 13:44:09,925 - __mp_main__ - DEBUG - added to the file
2020-12-07 13:44:10,118 - __mp_main__ - DEBUG - added to the file
2020-12-07 13:44:10,327 - __mp_main__ - DEBUG - added to the file
2020-12-07 13:44:10,519 - __mp_main__ - DEBUG - added to the file
2020-12-07 13:44:10,718 - __mp_main__ - DEBUG - added to the file
2020-12-07 13:44:10,922 - __mp_main__ - DEBUG - added to the file
2020-12-07 13:44:11,117 - __mp_main__ - DEBUG - added to the file
2020-12-07 13:44:11,317 - __mp_main__ - DEBUG - added to the file
2020-12-07 13:44:11,526 - __mp_main__ - DEBUG - added to the file
2020-12-07 13:44:11,748 - __mp_main__ - DEBUG - added to the file
2020-12-07 13:44:11,917 - __mp_main__ - DEBUG - added to the file
2020-12-07 13:44:12,119 - __mp_main__ - DEBUG - added to the file
2020-12-07 13:44:12,690 - __main__ - DEBUG - starting subscriber with -1 timestamp
                None stream List
                False subscription boolean
2020-12-07 13:44:12,816 - __main__ - DEBUG - starting subscriber with 1607370252723 timestamp
                None stream List
                False subscription boolean
